This is pdfTeX, Version 3.14159265-2.6-1.40.19 (MiKTeX 2.9.6930 64-bit) (preloaded format=pdflatex 2019.1.28)  1 JUN 2019 19:46
entering extended mode
**./1.tex
(1.tex
LaTeX2e <2018-12-01>
("C:\Users\Madys\AppData\Local\Programs\MiKTeX 2.9\tex/latex/base\article.cls"
Document Class: article 2018/09/03 v1.4i Standard LaTeX document class
("C:\Users\Madys\AppData\Local\Programs\MiKTeX 2.9\tex/latex/base\size10.clo"
File: size10.clo 2018/09/03 v1.4i Standard LaTeX file (size option)
)
\c@part=\count80
\c@section=\count81
\c@subsection=\count82
\c@subsubsection=\count83
\c@paragraph=\count84
\c@subparagraph=\count85
\c@figure=\count86
\c@table=\count87
\abovecaptionskip=\skip41
\belowcaptionskip=\skip42
\bibindent=\dimen102
) ("C:\Users\Madys\AppData\Local\Programs\MiKTeX 2.9\tex/generic/babel\babel.st
y"
Package: babel 2018/11/13 3.27 The Babel package

("C:\Users\Madys\AppData\Local\Programs\MiKTeX 2.9\tex/generic/babel\switch.def
"
File: switch.def 2018/11/13 3.27 Babel switching mechanism
)
*************************************
* Local config file bblopts.cfg used
*
("C:\Users\Madys\AppData\Local\Programs\MiKTeX 2.9\tex/latex/arabi\bblopts.cfg"
File: bblopts.cfg 2005/09/08 v0.1 add Arabic and Farsi to "declared" options of
 babel
)
("C:\Users\Madys\AppData\Local\Programs\MiKTeX 2.9\tex/latex/babel-spanish\span
ish.ldf"
Language: spanish.ldf 2016/03/03 v5.0p Spanish support from the babel system

("C:\Users\Madys\AppData\Local\Programs\MiKTeX 2.9\tex/generic/babel\babel.def"
File: babel.def 2018/11/13 3.27 Babel common definitions
\babel@savecnt=\count88
\U@D=\dimen103

("C:\Users\Madys\AppData\Local\Programs\MiKTeX 2.9\tex/generic/babel\txtbabel.d
ef")
\bbl@dirlevel=\count89
)
\es@quottoks=\toks14
\es@quotdepth=\count90
Package babel Info: Making " an active character on input line 561.
Package babel Info: Making . an active character on input line 662.
Package babel Info: Making < an active character on input line 707.
Package babel Info: Making > an active character on input line 707.
))
("C:\Users\Madys\AppData\Local\Programs\MiKTeX 2.9\tex/latex/graphics\graphicx.
sty"
Package: graphicx 2017/06/01 v1.1a Enhanced LaTeX Graphics (DPC,SPQR)

("C:\Users\Madys\AppData\Local\Programs\MiKTeX 2.9\tex/latex/graphics\keyval.st
y"
Package: keyval 2014/10/28 v1.15 key=value parser (DPC)
\KV@toks@=\toks15
)
("C:\Users\Madys\AppData\Local\Programs\MiKTeX 2.9\tex/latex/graphics\graphics.
sty"
Package: graphics 2017/06/25 v1.2c Standard LaTeX Graphics (DPC,SPQR)

("C:\Users\Madys\AppData\Local\Programs\MiKTeX 2.9\tex/latex/graphics\trig.sty"
Package: trig 2016/01/03 v1.10 sin cos tan (DPC)
)
("C:\Users\Madys\AppData\Local\Programs\MiKTeX 2.9\tex/latex/graphics-cfg\graph
ics.cfg"
File: graphics.cfg 2016/06/04 v1.11 sample graphics configuration
)
Package graphics Info: Driver file: pdftex.def on input line 99.

("C:\Users\Madys\AppData\Local\Programs\MiKTeX 2.9\tex/latex/graphics-def\pdfte
x.def"
File: pdftex.def 2018/01/08 v1.0l Graphics/color driver for pdftex
))
\Gin@req@height=\dimen104
\Gin@req@width=\dimen105
)
("C:\Users\Madys\AppData\Local\Programs\MiKTeX 2.9\tex/latex/listings\listings.
sty"
\lst@mode=\count91
\lst@gtempboxa=\box27
\lst@token=\toks16
\lst@length=\count92
\lst@currlwidth=\dimen106
\lst@column=\count93
\lst@pos=\count94
\lst@lostspace=\dimen107
\lst@width=\dimen108
\lst@newlines=\count95
\lst@lineno=\count96
\lst@maxwidth=\dimen109

("C:\Users\Madys\AppData\Local\Programs\MiKTeX 2.9\tex/latex/listings\lstmisc.s
ty"
File: lstmisc.sty 2018/09/02 1.7 (Carsten Heinz)
\c@lstnumber=\count97
\lst@skipnumbers=\count98
\lst@framebox=\box28
)
("C:\Users\Madys\AppData\Local\Programs\MiKTeX 2.9\tex/latex/listings\listings.
cfg"
File: listings.cfg 2018/09/02 1.7 listings configuration
))
Package: listings 2018/09/02 1.7 (Carsten Heinz)

("C:\Users\Madys\AppData\Local\Programs\MiKTeX 2.9\tex/latex/natbib\natbib.sty"
Package: natbib 2010/09/13 8.31b (PWD, AO)
\bibhang=\skip43
\bibsep=\skip44
LaTeX Info: Redefining \cite on input line 694.
\c@NAT@ctr=\count99
)
("C:\Users\Madys\AppData\Local\Programs\MiKTeX 2.9\tex/latex/graphics\color.sty
"
Package: color 2016/07/10 v1.1e Standard LaTeX Color (DPC)

("C:\Users\Madys\AppData\Local\Programs\MiKTeX 2.9\tex/latex/graphics-cfg\color
.cfg"
File: color.cfg 2016/01/02 v1.6 sample color configuration
)
Package color Info: Driver file: pdftex.def on input line 147.
)
("C:\Users\Madys\AppData\Local\Programs\MiKTeX 2.9\tex/latex/caption\subcaption
.sty"
Package: subcaption 2018/05/01 v1.1-162 Sub-captions (AR)

("C:\Users\Madys\AppData\Local\Programs\MiKTeX 2.9\tex/latex/caption\caption.st
y"
Package: caption 2018/10/06 v3.3-154 Customizing captions (AR)

("C:\Users\Madys\AppData\Local\Programs\MiKTeX 2.9\tex/latex/caption\caption3.s
ty"
Package: caption3 2018/09/12 v1.8c caption3 kernel (AR)
Package caption3 Info: TeX engine: e-TeX on input line 64.
\captionmargin=\dimen110
\captionmargin@=\dimen111
\captionwidth=\dimen112
\caption@tempdima=\dimen113
\caption@indent=\dimen114
\caption@parindent=\dimen115
\caption@hangindent=\dimen116
)
\c@caption@flags=\count100
\c@ContinuedFloat=\count101
Package caption Info: listings package is loaded.
)
\c@subfigure=\count102
\c@subtable=\count103
)
("C:\Users\Madys\AppData\Local\Programs\MiKTeX 2.9\tex/latex/geometry\geometry.
sty"
Package: geometry 2018/04/16 v5.8 Page Geometry

("C:\Users\Madys\AppData\Local\Programs\MiKTeX 2.9\tex/generic/oberdiek\ifpdf.s
ty"
Package: ifpdf 2018/09/07 v3.3 Provides the ifpdf switch
)
("C:\Users\Madys\AppData\Local\Programs\MiKTeX 2.9\tex/generic/oberdiek\ifvtex.
sty"
Package: ifvtex 2016/05/16 v1.6 Detect VTeX and its facilities (HO)
Package ifvtex Info: VTeX not detected.
)
("C:\Users\Madys\AppData\Local\Programs\MiKTeX 2.9\tex/generic/ifxetex\ifxetex.
sty"
Package: ifxetex 2010/09/12 v0.6 Provides ifxetex conditional
)
\Gm@cnth=\count104
\Gm@cntv=\count105
\c@Gm@tempcnt=\count106
\Gm@bindingoffset=\dimen117
\Gm@wd@mp=\dimen118
\Gm@odd@mp=\dimen119
\Gm@even@mp=\dimen120
\Gm@layoutwidth=\dimen121
\Gm@layoutheight=\dimen122
\Gm@layouthoffset=\dimen123
\Gm@layoutvoffset=\dimen124
\Gm@dimlist=\toks17

("C:\Users\Madys\AppData\Local\Programs\MiKTeX 2.9\tex/latex/geometry\geometry.
cfg"))
("C:\Users\Madys\AppData\Local\Programs\MiKTeX 2.9\tex/latex/booktabs\booktabs.
sty"
Package: booktabs 2005/04/14 v1.61803 publication quality tables
\heavyrulewidth=\dimen125
\lightrulewidth=\dimen126
\cmidrulewidth=\dimen127
\belowrulesep=\dimen128
\belowbottomsep=\dimen129
\aboverulesep=\dimen130
\abovetopsep=\dimen131
\cmidrulesep=\dimen132
\cmidrulekern=\dimen133
\defaultaddspace=\dimen134
\@cmidla=\count107
\@cmidlb=\count108
\@aboverulesep=\dimen135
\@belowrulesep=\dimen136
\@thisruleclass=\count109
\@lastruleclass=\count110
\@thisrulewidth=\dimen137
)
("C:\Users\Madys\AppData\Local\Programs\MiKTeX 2.9\tex/latex/xcolor\xcolor.sty"
Package: xcolor 2016/05/11 v2.12 LaTeX color extensions (UK)

("C:\Users\Madys\AppData\Local\Programs\MiKTeX 2.9\tex/latex/graphics-cfg\color
.cfg"
File: color.cfg 2016/01/02 v1.6 sample color configuration
)
Package xcolor Info: Driver file: pdftex.def on input line 225.
LaTeX Info: Redefining \color on input line 709.
Package xcolor Info: Model `cmy' substituted by `cmy0' on input line 1348.
Package xcolor Info: Model `hsb' substituted by `rgb' on input line 1352.
Package xcolor Info: Model `RGB' extended on input line 1364.
Package xcolor Info: Model `HTML' substituted by `rgb' on input line 1366.
Package xcolor Info: Model `Hsb' substituted by `hsb' on input line 1367.
Package xcolor Info: Model `tHsb' substituted by `hsb' on input line 1368.
Package xcolor Info: Model `HSB' substituted by `hsb' on input line 1369.
Package xcolor Info: Model `Gray' substituted by `gray' on input line 1370.
Package xcolor Info: Model `wave' substituted by `hsb' on input line 1371.

("C:\Users\Madys\AppData\Local\Programs\MiKTeX 2.9\tex/latex/graphics\dvipsnam.
def"
File: dvipsnam.def 2016/06/17 v3.0m Driver-dependent file (DPC,SPQR)
))
("C:\Users\Madys\AppData\Local\Programs\MiKTeX 2.9\tex/latex/colortbl\colortbl.
sty"
Package: colortbl 2018/12/12 v1.0d Color table columns (DPC)

("C:\Users\Madys\AppData\Local\Programs\MiKTeX 2.9\tex/latex/tools\array.sty"
Package: array 2018/12/30 v2.4k Tabular extension package (FMi)
\col@sep=\dimen138
\ar@mcellbox=\box29
\extrarowheight=\dimen139
\NC@list=\toks18
\extratabsurround=\skip45
\backup@length=\skip46
\ar@cellbox=\box30
)
\everycr=\toks19
\minrowclearance=\skip47
)
("C:\Users\Madys\AppData\Local\Programs\MiKTeX 2.9\tex/latex/listings\lstlang1.
sty"
File: lstlang1.sty 2018/09/02 1.7 listings language file
) (1.aux
LaTeX Info: Redefining \. on input line 9.
LaTeX Info: Redefining \% on input line 9.
)
\openout1 = `1.aux'.

LaTeX Font Info:    Checking defaults for OML/cmm/m/it on input line 51.
LaTeX Font Info:    ... okay on input line 51.
LaTeX Font Info:    Checking defaults for T1/cmr/m/n on input line 51.
LaTeX Font Info:    ... okay on input line 51.
LaTeX Font Info:    Checking defaults for OT1/cmr/m/n on input line 51.
LaTeX Font Info:    ... okay on input line 51.
LaTeX Font Info:    Checking defaults for OMS/cmsy/m/n on input line 51.
LaTeX Font Info:    ... okay on input line 51.
LaTeX Font Info:    Checking defaults for OMX/cmex/m/n on input line 51.
LaTeX Font Info:    ... okay on input line 51.
LaTeX Font Info:    Checking defaults for U/cmr/m/n on input line 51.
LaTeX Font Info:    ... okay on input line 51.
LaTeX Info: Redefining \. on input line 51.
LaTeX Info: Redefining \% on input line 51.

("C:\Users\Madys\AppData\Local\Programs\MiKTeX 2.9\tex/context/base\supp-pdf.mk
ii"
[Loading MPS to PDF converter (version 2006.09.02).]
\scratchcounter=\count111
\scratchdimen=\dimen140
\scratchbox=\box31
\nofMPsegments=\count112
\nofMParguments=\count113
\everyMPshowfont=\toks20
\MPscratchCnt=\count114
\MPscratchDim=\dimen141
\MPnumerator=\count115
\makeMPintoPDFobject=\count116
\everyMPtoPDFconversion=\toks21
)
("C:\Users\Madys\AppData\Local\Programs\MiKTeX 2.9\tex/latex/oberdiek\epstopdf-
base.sty"
Package: epstopdf-base 2016/05/15 v2.6 Base part for package epstopdf

("C:\Users\Madys\AppData\Local\Programs\MiKTeX 2.9\tex/generic/oberdiek\infware
rr.sty"
Package: infwarerr 2016/05/16 v1.4 Providing info/warning/error messages (HO)
)
("C:\Users\Madys\AppData\Local\Programs\MiKTeX 2.9\tex/latex/oberdiek\grfext.st
y"
Package: grfext 2016/05/16 v1.2 Manage graphics extensions (HO)

("C:\Users\Madys\AppData\Local\Programs\MiKTeX 2.9\tex/generic/oberdiek\kvdefin
ekeys.sty"
Package: kvdefinekeys 2016/05/16 v1.4 Define keys (HO)

("C:\Users\Madys\AppData\Local\Programs\MiKTeX 2.9\tex/generic/oberdiek\ltxcmds
.sty"
Package: ltxcmds 2016/05/16 v1.23 LaTeX kernel commands for general use (HO)
)))
("C:\Users\Madys\AppData\Local\Programs\MiKTeX 2.9\tex/latex/oberdiek\kvoptions
.sty"
Package: kvoptions 2016/05/16 v3.12 Key value format for package options (HO)

("C:\Users\Madys\AppData\Local\Programs\MiKTeX 2.9\tex/generic/oberdiek\kvsetke
ys.sty"
Package: kvsetkeys 2016/05/16 v1.17 Key value parser (HO)

("C:\Users\Madys\AppData\Local\Programs\MiKTeX 2.9\tex/generic/oberdiek\etexcmd
s.sty"
Package: etexcmds 2016/05/16 v1.6 Avoid name clashes with e-TeX commands (HO)

("C:\Users\Madys\AppData\Local\Programs\MiKTeX 2.9\tex/generic/oberdiek\ifluate
x.sty"
Package: ifluatex 2016/05/16 v1.4 Provides the ifluatex switch (HO)
Package ifluatex Info: LuaTeX not detected.
))))
("C:\Users\Madys\AppData\Local\Programs\MiKTeX 2.9\tex/generic/oberdiek\pdftexc
mds.sty"
Package: pdftexcmds 2018/09/10 v0.29 Utility functions of pdfTeX for LuaTeX (HO
)
Package pdftexcmds Info: LuaTeX not detected.
Package pdftexcmds Info: \pdf@primitive is available.
Package pdftexcmds Info: \pdf@ifprimitive is available.
Package pdftexcmds Info: \pdfdraftmode found.
)
Package epstopdf-base Info: Redefining graphics rule for `.eps' on input line 4
38.
Package grfext Info: Graphics extension search list:
(grfext)             [.pdf,.png,.jpg,.mps,.jpeg,.jbig2,.jb2,.PDF,.PNG,.JPG,.JPE
G,.JBIG2,.JB2,.eps]
(grfext)             \AppendGraphicsExtensions on input line 456.
)
\c@lstlisting=\count117
Package caption Info: Begin \AtBeginDocument code.
Package caption Info: End \AtBeginDocument code.

*geometry* driver: auto-detecting
*geometry* detected driver: pdftex
*geometry* verbose mode - [ preamble ] result:
* driver: pdftex
* paper: <default>
* layout: <same size as paper>
* layoutoffset:(h,v)=(0.0pt,0.0pt)
* modes: 
* h-part:(L,W,R)=(92.14519pt, 430.00462pt, 92.14519pt)
* v-part:(T,H,B)=(95.39737pt, 556.47656pt, 143.09605pt)
* \paperwidth=614.295pt
* \paperheight=794.96999pt
* \textwidth=430.00462pt
* \textheight=628.74655pt
* \oddsidemargin=19.8752pt
* \evensidemargin=19.8752pt
* \topmargin=-64.4614pt
* \headheight=12.0pt
* \headsep=25.0pt
* \topskip=10.0pt
* \footskip=30.0pt
* \marginparwidth=65.0pt
* \marginparsep=11.0pt
* \columnsep=10.0pt
* \skip\footins=9.0pt plus 4.0pt minus 2.0pt
* \hoffset=0.0pt
* \voffset=0.0pt
* \mag=1000
* \@twocolumnfalse
* \@twosidefalse
* \@mparswitchfalse
* \@reversemarginfalse
* (1in=72.27pt=25.4mm, 1cm=28.453pt)

LaTeX Font Info:    External font `cmex10' loaded for size
(Font)              <12> on input line 53.
LaTeX Font Info:    External font `cmex10' loaded for size
(Font)              <8> on input line 53.
LaTeX Font Info:    External font `cmex10' loaded for size
(Font)              <6> on input line 53.

("C:\Users\Madys\AppData\Local\Programs\MiKTeX 2.9\tex/latex/listings\lstlang1.
sty"
File: lstlang1.sty 2018/09/02 1.7 listings language file
) (1.py

Package xcolor Warning: Incompatible color definition on input line 1.


Package xcolor Warning: Incompatible color definition on input line 1.


Package xcolor Warning: Incompatible color definition on input line 1.

LaTeX Font Info:    External font `cmex10' loaded for size
(Font)              <5> on input line 1.
LaTeX Font Info:    Try loading font information for OMS+cmr on input line 1.
("C:\Users\Madys\AppData\Local\Programs\MiKTeX 2.9\tex/latex/base\omscmr.fd"
File: omscmr.fd 2014/09/29 v2.5h Standard LaTeX font definitions
)
LaTeX Font Info:    Font shape `OMS/cmr/m/n' in size <8> not available
(Font)              Font shape `OMS/cmsy/m/n' tried instead on input line 1.


Package xcolor Warning: Incompatible color definition on input line 1.


Package xcolor Warning: Incompatible color definition on input line 1.


Package xcolor Warning: Incompatible color definition on input line 1.


Package xcolor Warning: Incompatible color definition on input line 1.


Package xcolor Warning: Incompatible color definition on input line 1.


Package xcolor Warning: Incompatible color definition on input line 1.


Package xcolor Warning: Incompatible color definition on input line 1.


Package xcolor Warning: Incompatible color definition on input line 1.


Package xcolor Warning: Incompatible color definition on input line 2.


Package xcolor Warning: Incompatible color definition on input line 3.


Package xcolor Warning: Incompatible color definition on input line 3.


Package xcolor Warning: Incompatible color definition on input line 3.


Package xcolor Warning: Incompatible color definition on input line 3.


Package xcolor Warning: Incompatible color definition on input line 3.


Package xcolor Warning: Incompatible color definition on input line 3.


Package xcolor Warning: Incompatible color definition on input line 3.


Package xcolor Warning: Incompatible color definition on input line 3.


Package xcolor Warning: Incompatible color definition on input line 3.


Package xcolor Warning: Incompatible color definition on input line 3.


Package xcolor Warning: Incompatible color definition on input line 3.


Package xcolor Warning: Incompatible color definition on input line 3.


Package xcolor Warning: Incompatible color definition on input line 3.


Package xcolor Warning: Incompatible color definition on input line 4.


Package xcolor Warning: Incompatible color definition on input line 4.


Package xcolor Warning: Incompatible color definition on input line 4.


Package xcolor Warning: Incompatible color definition on input line 4.


Package xcolor Warning: Incompatible color definition on input line 5.

[1

{C:/Users/Madys/AppData/Local/MiKTeX/2.9/pdftex/config/pdftex.map}]

Package xcolor Warning: Incompatible color definition on input line 30.


Package xcolor Warning: Incompatible color definition on input line 30.


Package xcolor Warning: Incompatible color definition on input line 30.


Package xcolor Warning: Incompatible color definition on input line 30.


Package xcolor Warning: Incompatible color definition on input line 30.


Package xcolor Warning: Incompatible color definition on input line 30.


Package xcolor Warning: Incompatible color definition on input line 31.


Package xcolor Warning: Incompatible color definition on input line 31.


Package xcolor Warning: Incompatible color definition on input line 31.


Package xcolor Warning: Incompatible color definition on input line 34.


Package xcolor Warning: Incompatible color definition on input line 34.


Package xcolor Warning: Incompatible color definition on input line 34.


Package xcolor Warning: Incompatible color definition on input line 34.


Package xcolor Warning: Incompatible color definition on input line 35.


Package xcolor Warning: Incompatible color definition on input line 35.


Package xcolor Warning: Incompatible color definition on input line 35.


Package xcolor Warning: Incompatible color definition on input line 35.


Package xcolor Warning: Incompatible color definition on input line 35.


Package xcolor Warning: Incompatible color definition on input line 35.


Package xcolor Warning: Incompatible color definition on input line 36.


Package xcolor Warning: Incompatible color definition on input line 36.


Package xcolor Warning: Incompatible color definition on input line 36.


Package xcolor Warning: Incompatible color definition on input line 36.


Package xcolor Warning: Incompatible color definition on input line 36.


Package xcolor Warning: Incompatible color definition on input line 36.


Package xcolor Warning: Incompatible color definition on input line 37.


Package xcolor Warning: Incompatible color definition on input line 37.


Package xcolor Warning: Incompatible color definition on input line 37.


Package xcolor Warning: Incompatible color definition on input line 37.


Package xcolor Warning: Incompatible color definition on input line 38.


Package xcolor Warning: Incompatible color definition on input line 38.


Package xcolor Warning: Incompatible color definition on input line 38.


Package xcolor Warning: Incompatible color definition on input line 38.


Package xcolor Warning: Incompatible color definition on input line 39.


Package xcolor Warning: Incompatible color definition on input line 39.


Package xcolor Warning: Incompatible color definition on input line 39.


Package xcolor Warning: Incompatible color definition on input line 39.


Package xcolor Warning: Incompatible color definition on input line 39.


Package xcolor Warning: Incompatible color definition on input line 39.


Package xcolor Warning: Incompatible color definition on input line 40.


Package xcolor Warning: Incompatible color definition on input line 40.


Package xcolor Warning: Incompatible color definition on input line 40.


Package xcolor Warning: Incompatible color definition on input line 40.


Package xcolor Warning: Incompatible color definition on input line 41.


Package xcolor Warning: Incompatible color definition on input line 41.


Package xcolor Warning: Incompatible color definition on input line 41.


Package xcolor Warning: Incompatible color definition on input line 41.


Package xcolor Warning: Incompatible color definition on input line 41.


Package xcolor Warning: Incompatible color definition on input line 41.


Package xcolor Warning: Incompatible color definition on input line 45.


Package xcolor Warning: Incompatible color definition on input line 45.


Package xcolor Warning: Incompatible color definition on input line 45.


Package xcolor Warning: Incompatible color definition on input line 46.


Package xcolor Warning: Incompatible color definition on input line 46.


Package xcolor Warning: Incompatible color definition on input line 46.


Package xcolor Warning: Incompatible color definition on input line 46.

)
Package epstopdf Info: Source file: <1.eps>
(epstopdf)                    date: 2019-03-19 12:13:09
(epstopdf)                    size: 18269 bytes
(epstopdf)             Output file: <1-eps-converted-to.pdf>
(epstopdf)                    date: 2019-05-20 12:55:41
(epstopdf)                    size: 13907 bytes
(epstopdf)             Command: <epstopdf --outfile=1-eps-converted-to.pdf 1.ep
s>
(epstopdf)             \includegraphics on input line 77.
Package epstopdf Info: Output file is already uptodate.


pdfTeX warning: pdflatex (file ./1-eps-converted-to.pdf): PDF inclusion: found 
PDF version <1.7>, but at most version <1.5> allowed
<1-eps-converted-to.pdf, id=12, 433.62pt x 289.08pt>
File: 1-eps-converted-to.pdf Graphic file (type pdf)
<use 1-eps-converted-to.pdf>
Package pdftex.def Info: 1-eps-converted-to.pdf  used on input line 77.
(pdftex.def)             Requested size: 344.005pt x 229.34993pt.
(2.py

Package xcolor Warning: Incompatible color definition on input line 1.


Package xcolor Warning: Incompatible color definition on input line 1.


Package xcolor Warning: Incompatible color definition on input line 1.


Package xcolor Warning: Incompatible color definition on input line 1.


Package xcolor Warning: Incompatible color definition on input line 1.


Package xcolor Warning: Incompatible color definition on input line 1.


Package xcolor Warning: Incompatible color definition on input line 1.


Package xcolor Warning: Incompatible color definition on input line 1.


Package xcolor Warning: Incompatible color definition on input line 1.


Package xcolor Warning: Incompatible color definition on input line 1.


Package xcolor Warning: Incompatible color definition on input line 1.


Package xcolor Warning: Incompatible color definition on input line 2.


Package xcolor Warning: Incompatible color definition on input line 3.


Package xcolor Warning: Incompatible color definition on input line 3.


Package xcolor Warning: Incompatible color definition on input line 3.


Package xcolor Warning: Incompatible color definition on input line 3.


Package xcolor Warning: Incompatible color definition on input line 3.


Package xcolor Warning: Incompatible color definition on input line 3.


Package xcolor Warning: Incompatible color definition on input line 3.


Package xcolor Warning: Incompatible color definition on input line 3.


Package xcolor Warning: Incompatible color definition on input line 3.


Package xcolor Warning: Incompatible color definition on input line 3.


Package xcolor Warning: Incompatible color definition on input line 3.


Package xcolor Warning: Incompatible color definition on input line 3.


Package xcolor Warning: Incompatible color definition on input line 3.


Package xcolor Warning: Incompatible color definition on input line 4.


Package xcolor Warning: Incompatible color definition on input line 4.


Package xcolor Warning: Incompatible color definition on input line 4.


Package xcolor Warning: Incompatible color definition on input line 4.


Package xcolor Warning: Incompatible color definition on input line 6.

[2]

Package xcolor Warning: Incompatible color definition on input line 24.


Package xcolor Warning: Incompatible color definition on input line 24.


Package xcolor Warning: Incompatible color definition on input line 24.


Package xcolor Warning: Incompatible color definition on input line 24.


Package xcolor Warning: Incompatible color definition on input line 24.


Package xcolor Warning: Incompatible color definition on input line 24.


Package xcolor Warning: Incompatible color definition on input line 25.


Package xcolor Warning: Incompatible color definition on input line 25.


Package xcolor Warning: Incompatible color definition on input line 25.


Package xcolor Warning: Incompatible color definition on input line 28.


Package xcolor Warning: Incompatible color definition on input line 28.


Package xcolor Warning: Incompatible color definition on input line 28.


Package xcolor Warning: Incompatible color definition on input line 28.


Package xcolor Warning: Incompatible color definition on input line 29.


Package xcolor Warning: Incompatible color definition on input line 29.


Package xcolor Warning: Incompatible color definition on input line 29.


Package xcolor Warning: Incompatible color definition on input line 29.


Package xcolor Warning: Incompatible color definition on input line 30.


Package xcolor Warning: Incompatible color definition on input line 30.


Package xcolor Warning: Incompatible color definition on input line 30.


Package xcolor Warning: Incompatible color definition on input line 30.


Package xcolor Warning: Incompatible color definition on input line 31.


Package xcolor Warning: Incompatible color definition on input line 31.


Package xcolor Warning: Incompatible color definition on input line 31.


Package xcolor Warning: Incompatible color definition on input line 31.


Package xcolor Warning: Incompatible color definition on input line 32.


Package xcolor Warning: Incompatible color definition on input line 32.


Package xcolor Warning: Incompatible color definition on input line 32.


Package xcolor Warning: Incompatible color definition on input line 32.


Package xcolor Warning: Incompatible color definition on input line 33.


Package xcolor Warning: Incompatible color definition on input line 33.


Package xcolor Warning: Incompatible color definition on input line 33.


Package xcolor Warning: Incompatible color definition on input line 33.


Package xcolor Warning: Incompatible color definition on input line 34.


Package xcolor Warning: Incompatible color definition on input line 34.


Package xcolor Warning: Incompatible color definition on input line 34.


Package xcolor Warning: Incompatible color definition on input line 34.


Package xcolor Warning: Incompatible color definition on input line 35.


Package xcolor Warning: Incompatible color definition on input line 35.


Package xcolor Warning: Incompatible color definition on input line 35.


Package xcolor Warning: Incompatible color definition on input line 35.


Package xcolor Warning: Incompatible color definition on input line 39.


Package xcolor Warning: Incompatible color definition on input line 39.


Package xcolor Warning: Incompatible color definition on input line 39.


Package xcolor Warning: Incompatible color definition on input line 40.


Package xcolor Warning: Incompatible color definition on input line 40.


Package xcolor Warning: Incompatible color definition on input line 40.


Package xcolor Warning: Incompatible color definition on input line 40.

)
Package epstopdf Info: Source file: <2.eps>
(epstopdf)                    date: 2019-03-19 12:13:09
(epstopdf)                    size: 13405 bytes
(epstopdf)             Output file: <2-eps-converted-to.pdf>
(epstopdf)                    date: 2019-05-20 12:55:42
(epstopdf)                    size: 10300 bytes
(epstopdf)             Command: <epstopdf --outfile=2-eps-converted-to.pdf 2.ep
s>
(epstopdf)             \includegraphics on input line 92.
Package epstopdf Info: Output file is already uptodate.


pdfTeX warning: pdflatex (file ./2-eps-converted-to.pdf): PDF inclusion: found 
PDF version <1.7>, but at most version <1.5> allowed
<2-eps-converted-to.pdf, id=16, 433.62pt x 289.08pt>
File: 2-eps-converted-to.pdf Graphic file (type pdf)
<use 2-eps-converted-to.pdf>
Package pdftex.def Info: 2-eps-converted-to.pdf  used on input line 92.
(pdftex.def)             Requested size: 344.005pt x 229.34993pt.
[3 <./1-eps-converted-to.pdf>] (3.py

Package xcolor Warning: Incompatible color definition on input line 1.


Package xcolor Warning: Incompatible color definition on input line 1.


Package xcolor Warning: Incompatible color definition on input line 1.


Package xcolor Warning: Incompatible color definition on input line 1.


Package xcolor Warning: Incompatible color definition on input line 1.


Package xcolor Warning: Incompatible color definition on input line 1.


Package xcolor Warning: Incompatible color definition on input line 1.


Package xcolor Warning: Incompatible color definition on input line 1.


Package xcolor Warning: Incompatible color definition on input line 1.


Package xcolor Warning: Incompatible color definition on input line 1.


Package xcolor Warning: Incompatible color definition on input line 1.


Package xcolor Warning: Incompatible color definition on input line 2.


Package xcolor Warning: Incompatible color definition on input line 3.


Package xcolor Warning: Incompatible color definition on input line 3.


Package xcolor Warning: Incompatible color definition on input line 3.


Package xcolor Warning: Incompatible color definition on input line 3.


Package xcolor Warning: Incompatible color definition on input line 3.


Package xcolor Warning: Incompatible color definition on input line 3.


Package xcolor Warning: Incompatible color definition on input line 3.


Package xcolor Warning: Incompatible color definition on input line 3.


Package xcolor Warning: Incompatible color definition on input line 3.


Package xcolor Warning: Incompatible color definition on input line 3.


Package xcolor Warning: Incompatible color definition on input line 3.


Package xcolor Warning: Incompatible color definition on input line 3.


Package xcolor Warning: Incompatible color definition on input line 3.


Package xcolor Warning: Incompatible color definition on input line 4.


Package xcolor Warning: Incompatible color definition on input line 4.


Package xcolor Warning: Incompatible color definition on input line 4.


Package xcolor Warning: Incompatible color definition on input line 4.


Package xcolor Warning: Incompatible color definition on input line 5.


Package xcolor Warning: Incompatible color definition on input line 20.


Package xcolor Warning: Incompatible color definition on input line 20.


Package xcolor Warning: Incompatible color definition on input line 20.


Package xcolor Warning: Incompatible color definition on input line 20.


Package xcolor Warning: Incompatible color definition on input line 20.


Package xcolor Warning: Incompatible color definition on input line 20.


Package xcolor Warning: Incompatible color definition on input line 21.


Package xcolor Warning: Incompatible color definition on input line 21.


Package xcolor Warning: Incompatible color definition on input line 21.


Package xcolor Warning: Incompatible color definition on input line 21.


Package xcolor Warning: Incompatible color definition on input line 21.


Package xcolor Warning: Incompatible color definition on input line 21.


Package xcolor Warning: Incompatible color definition on input line 22.


Package xcolor Warning: Incompatible color definition on input line 22.


Package xcolor Warning: Incompatible color definition on input line 22.


Package xcolor Warning: Incompatible color definition on input line 25.


Package xcolor Warning: Incompatible color definition on input line 25.


Package xcolor Warning: Incompatible color definition on input line 25.


Package xcolor Warning: Incompatible color definition on input line 25.


Package xcolor Warning: Incompatible color definition on input line 26.


Package xcolor Warning: Incompatible color definition on input line 26.


Package xcolor Warning: Incompatible color definition on input line 26.


Package xcolor Warning: Incompatible color definition on input line 26.

[4 <./2-eps-converted-to.pdf>]

Package xcolor Warning: Incompatible color definition on input line 27.


Package xcolor Warning: Incompatible color definition on input line 27.


Package xcolor Warning: Incompatible color definition on input line 27.


Package xcolor Warning: Incompatible color definition on input line 27.


Package xcolor Warning: Incompatible color definition on input line 28.


Package xcolor Warning: Incompatible color definition on input line 28.


Package xcolor Warning: Incompatible color definition on input line 28.


Package xcolor Warning: Incompatible color definition on input line 28.


Package xcolor Warning: Incompatible color definition on input line 29.


Package xcolor Warning: Incompatible color definition on input line 29.


Package xcolor Warning: Incompatible color definition on input line 29.


Package xcolor Warning: Incompatible color definition on input line 29.


Package xcolor Warning: Incompatible color definition on input line 30.


Package xcolor Warning: Incompatible color definition on input line 30.


Package xcolor Warning: Incompatible color definition on input line 30.


Package xcolor Warning: Incompatible color definition on input line 30.


Package xcolor Warning: Incompatible color definition on input line 34.


Package xcolor Warning: Incompatible color definition on input line 34.


Package xcolor Warning: Incompatible color definition on input line 34.


Package xcolor Warning: Incompatible color definition on input line 35.


Package xcolor Warning: Incompatible color definition on input line 35.


Package xcolor Warning: Incompatible color definition on input line 35.


Package xcolor Warning: Incompatible color definition on input line 35.

)
Package epstopdf Info: Source file: <3.eps>
(epstopdf)                    date: 2019-03-19 12:13:09
(epstopdf)                    size: 13307 bytes
(epstopdf)             Output file: <3-eps-converted-to.pdf>
(epstopdf)                    date: 2019-05-20 12:55:43
(epstopdf)                    size: 9796 bytes
(epstopdf)             Command: <epstopdf --outfile=3-eps-converted-to.pdf 3.ep
s>
(epstopdf)             \includegraphics on input line 106.
Package epstopdf Info: Output file is already uptodate.


pdfTeX warning: pdflatex (file ./3-eps-converted-to.pdf): PDF inclusion: found 
PDF version <1.7>, but at most version <1.5> allowed
<3-eps-converted-to.pdf, id=80, 433.62pt x 289.08pt>
File: 3-eps-converted-to.pdf Graphic file (type pdf)
<use 3-eps-converted-to.pdf>
Package pdftex.def Info: 3-eps-converted-to.pdf  used on input line 106.
(pdftex.def)             Requested size: 344.005pt x 229.34993pt.
(4.py

Package xcolor Warning: Incompatible color definition on input line 1.


Package xcolor Warning: Incompatible color definition on input line 1.


Package xcolor Warning: Incompatible color definition on input line 1.


Package xcolor Warning: Incompatible color definition on input line 1.


Package xcolor Warning: Incompatible color definition on input line 1.


Package xcolor Warning: Incompatible color definition on input line 1.


Package xcolor Warning: Incompatible color definition on input line 1.


Package xcolor Warning: Incompatible color definition on input line 1.


Package xcolor Warning: Incompatible color definition on input line 1.


Package xcolor Warning: Incompatible color definition on input line 1.


Package xcolor Warning: Incompatible color definition on input line 1.


Package xcolor Warning: Incompatible color definition on input line 2.


Package xcolor Warning: Incompatible color definition on input line 3.


Package xcolor Warning: Incompatible color definition on input line 3.


Package xcolor Warning: Incompatible color definition on input line 3.


Package xcolor Warning: Incompatible color definition on input line 3.


Package xcolor Warning: Incompatible color definition on input line 3.


Package xcolor Warning: Incompatible color definition on input line 3.


Package xcolor Warning: Incompatible color definition on input line 3.


Package xcolor Warning: Incompatible color definition on input line 3.


Package xcolor Warning: Incompatible color definition on input line 3.


Package xcolor Warning: Incompatible color definition on input line 3.


Package xcolor Warning: Incompatible color definition on input line 3.


Package xcolor Warning: Incompatible color definition on input line 3.


Package xcolor Warning: Incompatible color definition on input line 3.


Package xcolor Warning: Incompatible color definition on input line 4.


Package xcolor Warning: Incompatible color definition on input line 4.


Package xcolor Warning: Incompatible color definition on input line 4.


Package xcolor Warning: Incompatible color definition on input line 4.


Package xcolor Warning: Incompatible color definition on input line 5.

[5 <./3-eps-converted-to.pdf>]

Package xcolor Warning: Incompatible color definition on input line 29.


Package xcolor Warning: Incompatible color definition on input line 29.


Package xcolor Warning: Incompatible color definition on input line 29.


Package xcolor Warning: Incompatible color definition on input line 29.


Package xcolor Warning: Incompatible color definition on input line 29.


Package xcolor Warning: Incompatible color definition on input line 29.


Package xcolor Warning: Incompatible color definition on input line 30.


Package xcolor Warning: Incompatible color definition on input line 30.


Package xcolor Warning: Incompatible color definition on input line 30.


Package xcolor Warning: Incompatible color definition on input line 33.


Package xcolor Warning: Incompatible color definition on input line 33.


Package xcolor Warning: Incompatible color definition on input line 33.


Package xcolor Warning: Incompatible color definition on input line 33.


Package xcolor Warning: Incompatible color definition on input line 34.


Package xcolor Warning: Incompatible color definition on input line 34.


Package xcolor Warning: Incompatible color definition on input line 34.


Package xcolor Warning: Incompatible color definition on input line 34.


Package xcolor Warning: Incompatible color definition on input line 35.


Package xcolor Warning: Incompatible color definition on input line 35.


Package xcolor Warning: Incompatible color definition on input line 35.


Package xcolor Warning: Incompatible color definition on input line 35.


Package xcolor Warning: Incompatible color definition on input line 36.


Package xcolor Warning: Incompatible color definition on input line 36.


Package xcolor Warning: Incompatible color definition on input line 36.


Package xcolor Warning: Incompatible color definition on input line 36.


Package xcolor Warning: Incompatible color definition on input line 37.


Package xcolor Warning: Incompatible color definition on input line 37.


Package xcolor Warning: Incompatible color definition on input line 37.


Package xcolor Warning: Incompatible color definition on input line 37.


Package xcolor Warning: Incompatible color definition on input line 38.


Package xcolor Warning: Incompatible color definition on input line 38.


Package xcolor Warning: Incompatible color definition on input line 38.


Package xcolor Warning: Incompatible color definition on input line 38.


Package xcolor Warning: Incompatible color definition on input line 39.


Package xcolor Warning: Incompatible color definition on input line 39.


Package xcolor Warning: Incompatible color definition on input line 39.


Package xcolor Warning: Incompatible color definition on input line 39.


Package xcolor Warning: Incompatible color definition on input line 40.


Package xcolor Warning: Incompatible color definition on input line 40.


Package xcolor Warning: Incompatible color definition on input line 40.


Package xcolor Warning: Incompatible color definition on input line 40.


Package xcolor Warning: Incompatible color definition on input line 44.


Package xcolor Warning: Incompatible color definition on input line 44.


Package xcolor Warning: Incompatible color definition on input line 44.


Package xcolor Warning: Incompatible color definition on input line 45.


Package xcolor Warning: Incompatible color definition on input line 45.


Package xcolor Warning: Incompatible color definition on input line 45.


Package xcolor Warning: Incompatible color definition on input line 45.

)
Package epstopdf Info: Source file: <4.eps>
(epstopdf)                    date: 2019-03-19 12:13:09
(epstopdf)                    size: 13231 bytes
(epstopdf)             Output file: <4-eps-converted-to.pdf>
(epstopdf)                    date: 2019-05-20 12:55:43
(epstopdf)                    size: 10293 bytes
(epstopdf)             Command: <epstopdf --outfile=4-eps-converted-to.pdf 4.ep
s>
(epstopdf)             \includegraphics on input line 118.
Package epstopdf Info: Output file is already uptodate.


pdfTeX warning: pdflatex (file ./4-eps-converted-to.pdf): PDF inclusion: found 
PDF version <1.7>, but at most version <1.5> allowed
<4-eps-converted-to.pdf, id=106, 433.62pt x 289.08pt>
File: 4-eps-converted-to.pdf Graphic file (type pdf)
<use 4-eps-converted-to.pdf>
Package pdftex.def Info: 4-eps-converted-to.pdf  used on input line 118.
(pdftex.def)             Requested size: 344.005pt x 229.34993pt.
[6 <./4-eps-converted-to.pdf>] (5.py

Package xcolor Warning: Incompatible color definition on input line 1.


Package xcolor Warning: Incompatible color definition on input line 1.


Package xcolor Warning: Incompatible color definition on input line 1.


Package xcolor Warning: Incompatible color definition on input line 1.


Package xcolor Warning: Incompatible color definition on input line 1.


Package xcolor Warning: Incompatible color definition on input line 1.


Package xcolor Warning: Incompatible color definition on input line 1.


Package xcolor Warning: Incompatible color definition on input line 1.


Package xcolor Warning: Incompatible color definition on input line 1.


Package xcolor Warning: Incompatible color definition on input line 1.


Package xcolor Warning: Incompatible color definition on input line 1.


Package xcolor Warning: Incompatible color definition on input line 2.


Package xcolor Warning: Incompatible color definition on input line 3.


Package xcolor Warning: Incompatible color definition on input line 3.


Package xcolor Warning: Incompatible color definition on input line 3.


Package xcolor Warning: Incompatible color definition on input line 3.


Package xcolor Warning: Incompatible color definition on input line 3.


Package xcolor Warning: Incompatible color definition on input line 3.


Package xcolor Warning: Incompatible color definition on input line 3.


Package xcolor Warning: Incompatible color definition on input line 3.


Package xcolor Warning: Incompatible color definition on input line 3.


Package xcolor Warning: Incompatible color definition on input line 3.


Package xcolor Warning: Incompatible color definition on input line 3.


Package xcolor Warning: Incompatible color definition on input line 3.


Package xcolor Warning: Incompatible color definition on input line 3.


Package xcolor Warning: Incompatible color definition on input line 4.


Package xcolor Warning: Incompatible color definition on input line 4.


Package xcolor Warning: Incompatible color definition on input line 4.


Package xcolor Warning: Incompatible color definition on input line 4.


Package xcolor Warning: Incompatible color definition on input line 5.


Package xcolor Warning: Incompatible color definition on input line 25.


Package xcolor Warning: Incompatible color definition on input line 25.


Package xcolor Warning: Incompatible color definition on input line 25.


Package xcolor Warning: Incompatible color definition on input line 25.


Package xcolor Warning: Incompatible color definition on input line 25.


Package xcolor Warning: Incompatible color definition on input line 25.


Package xcolor Warning: Incompatible color definition on input line 26.


Package xcolor Warning: Incompatible color definition on input line 26.


Package xcolor Warning: Incompatible color definition on input line 26.


Package xcolor Warning: Incompatible color definition on input line 29.


Package xcolor Warning: Incompatible color definition on input line 29.


Package xcolor Warning: Incompatible color definition on input line 29.


Package xcolor Warning: Incompatible color definition on input line 30.


Package xcolor Warning: Incompatible color definition on input line 30.


Package xcolor Warning: Incompatible color definition on input line 30.


Package xcolor Warning: Incompatible color definition on input line 30.

)
Package epstopdf Info: Source file: <5.eps>
(epstopdf)                    date: 2019-03-19 12:13:09
(epstopdf)                    size: 5123 bytes
(epstopdf)             Output file: <5-eps-converted-to.pdf>
(epstopdf)                    date: 2019-05-20 12:55:44
(epstopdf)                    size: 4039 bytes
(epstopdf)             Command: <epstopdf --outfile=5-eps-converted-to.pdf 5.ep
s>
(epstopdf)             \includegraphics on input line 130.
Package epstopdf Info: Output file is already uptodate.


pdfTeX warning: pdflatex (file ./5-eps-converted-to.pdf): PDF inclusion: found 
PDF version <1.7>, but at most version <1.5> allowed
<5-eps-converted-to.pdf, id=134, 433.62pt x 289.08pt>
File: 5-eps-converted-to.pdf Graphic file (type pdf)
<use 5-eps-converted-to.pdf>
Package pdftex.def Info: 5-eps-converted-to.pdf  used on input line 130.
(pdftex.def)             Requested size: 344.005pt x 229.34993pt.
[7] (6.py

Package xcolor Warning: Incompatible color definition on input line 1.


Package xcolor Warning: Incompatible color definition on input line 1.


Package xcolor Warning: Incompatible color definition on input line 1.


Package xcolor Warning: Incompatible color definition on input line 1.


Package xcolor Warning: Incompatible color definition on input line 1.


Package xcolor Warning: Incompatible color definition on input line 1.


Package xcolor Warning: Incompatible color definition on input line 1.


Package xcolor Warning: Incompatible color definition on input line 1.


Package xcolor Warning: Incompatible color definition on input line 1.


Package xcolor Warning: Incompatible color definition on input line 1.


Package xcolor Warning: Incompatible color definition on input line 1.


Package xcolor Warning: Incompatible color definition on input line 2.


Package xcolor Warning: Incompatible color definition on input line 3.


Package xcolor Warning: Incompatible color definition on input line 3.


Package xcolor Warning: Incompatible color definition on input line 3.


Package xcolor Warning: Incompatible color definition on input line 3.


Package xcolor Warning: Incompatible color definition on input line 3.


Package xcolor Warning: Incompatible color definition on input line 3.


Package xcolor Warning: Incompatible color definition on input line 3.


Package xcolor Warning: Incompatible color definition on input line 3.


Package xcolor Warning: Incompatible color definition on input line 3.


Package xcolor Warning: Incompatible color definition on input line 3.


Package xcolor Warning: Incompatible color definition on input line 3.


Package xcolor Warning: Incompatible color definition on input line 3.


Package xcolor Warning: Incompatible color definition on input line 3.


Package xcolor Warning: Incompatible color definition on input line 4.


Package xcolor Warning: Incompatible color definition on input line 4.


Package xcolor Warning: Incompatible color definition on input line 4.


Package xcolor Warning: Incompatible color definition on input line 4.


Package xcolor Warning: Incompatible color definition on input line 5.

[8 <./5-eps-converted-to.pdf>]

Package xcolor Warning: Incompatible color definition on input line 23.


Package xcolor Warning: Incompatible color definition on input line 23.


Package xcolor Warning: Incompatible color definition on input line 23.


Package xcolor Warning: Incompatible color definition on input line 23.


Package xcolor Warning: Incompatible color definition on input line 23.


Package xcolor Warning: Incompatible color definition on input line 23.


Package xcolor Warning: Incompatible color definition on input line 24.


Package xcolor Warning: Incompatible color definition on input line 24.


Package xcolor Warning: Incompatible color definition on input line 24.


Package xcolor Warning: Incompatible color definition on input line 24.


Package xcolor Warning: Incompatible color definition on input line 24.


Package xcolor Warning: Incompatible color definition on input line 24.


Package xcolor Warning: Incompatible color definition on input line 25.


Package xcolor Warning: Incompatible color definition on input line 25.


Package xcolor Warning: Incompatible color definition on input line 25.


Package xcolor Warning: Incompatible color definition on input line 28.


Package xcolor Warning: Incompatible color definition on input line 28.


Package xcolor Warning: Incompatible color definition on input line 28.


Package xcolor Warning: Incompatible color definition on input line 28.


Package xcolor Warning: Incompatible color definition on input line 29.


Package xcolor Warning: Incompatible color definition on input line 29.


Package xcolor Warning: Incompatible color definition on input line 29.


Package xcolor Warning: Incompatible color definition on input line 29.


Package xcolor Warning: Incompatible color definition on input line 30.


Package xcolor Warning: Incompatible color definition on input line 30.


Package xcolor Warning: Incompatible color definition on input line 30.


Package xcolor Warning: Incompatible color definition on input line 30.


Package xcolor Warning: Incompatible color definition on input line 31.


Package xcolor Warning: Incompatible color definition on input line 31.


Package xcolor Warning: Incompatible color definition on input line 31.


Package xcolor Warning: Incompatible color definition on input line 31.


Package xcolor Warning: Incompatible color definition on input line 32.


Package xcolor Warning: Incompatible color definition on input line 32.


Package xcolor Warning: Incompatible color definition on input line 32.


Package xcolor Warning: Incompatible color definition on input line 32.


Package xcolor Warning: Incompatible color definition on input line 36.


Package xcolor Warning: Incompatible color definition on input line 36.


Package xcolor Warning: Incompatible color definition on input line 36.


Package xcolor Warning: Incompatible color definition on input line 37.


Package xcolor Warning: Incompatible color definition on input line 37.


Package xcolor Warning: Incompatible color definition on input line 37.


Package xcolor Warning: Incompatible color definition on input line 37.

)
Package epstopdf Info: Source file: <6.eps>
(epstopdf)                    date: 2019-03-19 12:13:09
(epstopdf)                    size: 12253 bytes
(epstopdf)             Output file: <6-eps-converted-to.pdf>
(epstopdf)                    date: 2019-05-20 12:55:45
(epstopdf)                    size: 8846 bytes
(epstopdf)             Command: <epstopdf --outfile=6-eps-converted-to.pdf 6.ep
s>
(epstopdf)             \includegraphics on input line 148.
Package epstopdf Info: Output file is already uptodate.


pdfTeX warning: pdflatex (file ./6-eps-converted-to.pdf): PDF inclusion: found 
PDF version <1.7>, but at most version <1.5> allowed
<6-eps-converted-to.pdf, id=144, 433.62pt x 289.08pt>
File: 6-eps-converted-to.pdf Graphic file (type pdf)
<use 6-eps-converted-to.pdf>
Package pdftex.def Info: 6-eps-converted-to.pdf  used on input line 148.
(pdftex.def)             Requested size: 344.005pt x 229.34993pt.
(7.py

Package xcolor Warning: Incompatible color definition on input line 1.


Package xcolor Warning: Incompatible color definition on input line 1.


Package xcolor Warning: Incompatible color definition on input line 1.


Package xcolor Warning: Incompatible color definition on input line 1.


Package xcolor Warning: Incompatible color definition on input line 1.


Package xcolor Warning: Incompatible color definition on input line 1.


Package xcolor Warning: Incompatible color definition on input line 1.


Package xcolor Warning: Incompatible color definition on input line 1.


Package xcolor Warning: Incompatible color definition on input line 1.


Package xcolor Warning: Incompatible color definition on input line 1.


Package xcolor Warning: Incompatible color definition on input line 1.


Package xcolor Warning: Incompatible color definition on input line 2.


Package xcolor Warning: Incompatible color definition on input line 3.


Package xcolor Warning: Incompatible color definition on input line 3.


Package xcolor Warning: Incompatible color definition on input line 3.


Package xcolor Warning: Incompatible color definition on input line 3.


Package xcolor Warning: Incompatible color definition on input line 3.


Package xcolor Warning: Incompatible color definition on input line 3.


Package xcolor Warning: Incompatible color definition on input line 3.


Package xcolor Warning: Incompatible color definition on input line 3.


Package xcolor Warning: Incompatible color definition on input line 3.


Package xcolor Warning: Incompatible color definition on input line 3.


Package xcolor Warning: Incompatible color definition on input line 3.


Package xcolor Warning: Incompatible color definition on input line 3.


Package xcolor Warning: Incompatible color definition on input line 3.

[9 <./6-eps-converted-to.pdf>]

Package xcolor Warning: Incompatible color definition on input line 4.


Package xcolor Warning: Incompatible color definition on input line 4.


Package xcolor Warning: Incompatible color definition on input line 4.


Package xcolor Warning: Incompatible color definition on input line 4.


Package xcolor Warning: Incompatible color definition on input line 5.


Package xcolor Warning: Incompatible color definition on input line 25.


Package xcolor Warning: Incompatible color definition on input line 25.


Package xcolor Warning: Incompatible color definition on input line 25.


Package xcolor Warning: Incompatible color definition on input line 25.


Package xcolor Warning: Incompatible color definition on input line 25.


Package xcolor Warning: Incompatible color definition on input line 25.


Package xcolor Warning: Incompatible color definition on input line 26.


Package xcolor Warning: Incompatible color definition on input line 26.


Package xcolor Warning: Incompatible color definition on input line 26.


Package xcolor Warning: Incompatible color definition on input line 28.


Package xcolor Warning: Incompatible color definition on input line 28.


Package xcolor Warning: Incompatible color definition on input line 28.


Package xcolor Warning: Incompatible color definition on input line 28.


Package xcolor Warning: Incompatible color definition on input line 28.


Package xcolor Warning: Incompatible color definition on input line 28.


Package xcolor Warning: Incompatible color definition on input line 30.


Package xcolor Warning: Incompatible color definition on input line 30.


Package xcolor Warning: Incompatible color definition on input line 30.


Package xcolor Warning: Incompatible color definition on input line 34.


Package xcolor Warning: Incompatible color definition on input line 34.


Package xcolor Warning: Incompatible color definition on input line 34.


Package xcolor Warning: Incompatible color definition on input line 34.


Package xcolor Warning: Incompatible color definition on input line 35.


Package xcolor Warning: Incompatible color definition on input line 35.


Package xcolor Warning: Incompatible color definition on input line 35.


Package xcolor Warning: Incompatible color definition on input line 35.


Package xcolor Warning: Incompatible color definition on input line 36.


Package xcolor Warning: Incompatible color definition on input line 36.


Package xcolor Warning: Incompatible color definition on input line 36.


Package xcolor Warning: Incompatible color definition on input line 36.


Package xcolor Warning: Incompatible color definition on input line 37.


Package xcolor Warning: Incompatible color definition on input line 37.


Package xcolor Warning: Incompatible color definition on input line 37.


Package xcolor Warning: Incompatible color definition on input line 37.


Package xcolor Warning: Incompatible color definition on input line 38.


Package xcolor Warning: Incompatible color definition on input line 38.


Package xcolor Warning: Incompatible color definition on input line 38.


Package xcolor Warning: Incompatible color definition on input line 38.


Package xcolor Warning: Incompatible color definition on input line 39.


Package xcolor Warning: Incompatible color definition on input line 39.


Package xcolor Warning: Incompatible color definition on input line 39.


Package xcolor Warning: Incompatible color definition on input line 39.


Package xcolor Warning: Incompatible color definition on input line 40.


Package xcolor Warning: Incompatible color definition on input line 40.


Package xcolor Warning: Incompatible color definition on input line 40.


Package xcolor Warning: Incompatible color definition on input line 40.


Package xcolor Warning: Incompatible color definition on input line 44.


Package xcolor Warning: Incompatible color definition on input line 44.


Package xcolor Warning: Incompatible color definition on input line 44.


Package xcolor Warning: Incompatible color definition on input line 45.


Package xcolor Warning: Incompatible color definition on input line 45.


Package xcolor Warning: Incompatible color definition on input line 45.


Package xcolor Warning: Incompatible color definition on input line 45.

)
Package epstopdf Info: Source file: <7.eps>
(epstopdf)                    date: 2019-03-19 12:13:09
(epstopdf)                    size: 13670 bytes
(epstopdf)             Output file: <7-eps-converted-to.pdf>
(epstopdf)                    date: 2019-05-20 12:55:46
(epstopdf)                    size: 10253 bytes
(epstopdf)             Command: <epstopdf --outfile=7-eps-converted-to.pdf 7.ep
s>
(epstopdf)             \includegraphics on input line 162.
Package epstopdf Info: Output file is already uptodate.


pdfTeX warning: pdflatex (file ./7-eps-converted-to.pdf): PDF inclusion: found 
PDF version <1.7>, but at most version <1.5> allowed
<7-eps-converted-to.pdf, id=169, 433.62pt x 289.08pt>
File: 7-eps-converted-to.pdf Graphic file (type pdf)
<use 7-eps-converted-to.pdf>
Package pdftex.def Info: 7-eps-converted-to.pdf  used on input line 162.
(pdftex.def)             Requested size: 344.005pt x 229.34993pt.
(8.py

Package xcolor Warning: Incompatible color definition on input line 1.


Package xcolor Warning: Incompatible color definition on input line 1.


Package xcolor Warning: Incompatible color definition on input line 1.


Package xcolor Warning: Incompatible color definition on input line 1.


Package xcolor Warning: Incompatible color definition on input line 1.


Package xcolor Warning: Incompatible color definition on input line 1.


Package xcolor Warning: Incompatible color definition on input line 1.


Package xcolor Warning: Incompatible color definition on input line 1.


Package xcolor Warning: Incompatible color definition on input line 1.


Package xcolor Warning: Incompatible color definition on input line 1.


Package xcolor Warning: Incompatible color definition on input line 1.


Package xcolor Warning: Incompatible color definition on input line 2.


Package xcolor Warning: Incompatible color definition on input line 3.


Package xcolor Warning: Incompatible color definition on input line 3.


Package xcolor Warning: Incompatible color definition on input line 3.


Package xcolor Warning: Incompatible color definition on input line 3.


Package xcolor Warning: Incompatible color definition on input line 3.


Package xcolor Warning: Incompatible color definition on input line 3.


Package xcolor Warning: Incompatible color definition on input line 3.


Package xcolor Warning: Incompatible color definition on input line 3.


Package xcolor Warning: Incompatible color definition on input line 3.


Package xcolor Warning: Incompatible color definition on input line 3.


Package xcolor Warning: Incompatible color definition on input line 3.


Package xcolor Warning: Incompatible color definition on input line 3.


Package xcolor Warning: Incompatible color definition on input line 3.


Package xcolor Warning: Incompatible color definition on input line 4.


Package xcolor Warning: Incompatible color definition on input line 4.


Package xcolor Warning: Incompatible color definition on input line 4.


Package xcolor Warning: Incompatible color definition on input line 4.


Package xcolor Warning: Incompatible color definition on input line 5.

[10]

Package xcolor Warning: Incompatible color definition on input line 38.


Package xcolor Warning: Incompatible color definition on input line 38.


Package xcolor Warning: Incompatible color definition on input line 38.


Package xcolor Warning: Incompatible color definition on input line 38.


Package xcolor Warning: Incompatible color definition on input line 38.


Package xcolor Warning: Incompatible color definition on input line 38.


Package xcolor Warning: Incompatible color definition on input line 41.


Package xcolor Warning: Incompatible color definition on input line 41.


Package xcolor Warning: Incompatible color definition on input line 41.


Package xcolor Warning: Incompatible color definition on input line 41.


Package xcolor Warning: Incompatible color definition on input line 41.


Package xcolor Warning: Incompatible color definition on input line 41.


Package xcolor Warning: Incompatible color definition on input line 43.


Package xcolor Warning: Incompatible color definition on input line 43.


Package xcolor Warning: Incompatible color definition on input line 43.

[11 <./7-eps-converted-to.pdf>]

Package xcolor Warning: Incompatible color definition on input line 45.


Package xcolor Warning: Incompatible color definition on input line 45.


Package xcolor Warning: Incompatible color definition on input line 45.


Package xcolor Warning: Incompatible color definition on input line 47.


Package xcolor Warning: Incompatible color definition on input line 47.


Package xcolor Warning: Incompatible color definition on input line 47.


Package xcolor Warning: Incompatible color definition on input line 47.


Package xcolor Warning: Incompatible color definition on input line 52.


Package xcolor Warning: Incompatible color definition on input line 52.


Package xcolor Warning: Incompatible color definition on input line 52.


Package xcolor Warning: Incompatible color definition on input line 53.


Package xcolor Warning: Incompatible color definition on input line 53.


Package xcolor Warning: Incompatible color definition on input line 53.


Package xcolor Warning: Incompatible color definition on input line 53.

)
Package epstopdf Info: Source file: <8.eps>
(epstopdf)                    date: 2019-03-19 12:13:09
(epstopdf)                    size: 8345 bytes
(epstopdf)             Output file: <8-eps-converted-to.pdf>
(epstopdf)                    date: 2019-05-20 12:55:47
(epstopdf)                    size: 6337 bytes
(epstopdf)             Command: <epstopdf --outfile=8-eps-converted-to.pdf 8.ep
s>
(epstopdf)             \includegraphics on input line 176.
Package epstopdf Info: Output file is already uptodate.


pdfTeX warning: pdflatex (file ./8-eps-converted-to.pdf): PDF inclusion: found 
PDF version <1.7>, but at most version <1.5> allowed
<8-eps-converted-to.pdf, id=198, 433.62pt x 289.08pt>
File: 8-eps-converted-to.pdf Graphic file (type pdf)
<use 8-eps-converted-to.pdf>
Package pdftex.def Info: 8-eps-converted-to.pdf  used on input line 176.
(pdftex.def)             Requested size: 344.005pt x 229.34993pt.
(9.py

Package xcolor Warning: Incompatible color definition on input line 1.


Package xcolor Warning: Incompatible color definition on input line 1.


Package xcolor Warning: Incompatible color definition on input line 1.


Package xcolor Warning: Incompatible color definition on input line 1.


Package xcolor Warning: Incompatible color definition on input line 1.


Package xcolor Warning: Incompatible color definition on input line 1.


Package xcolor Warning: Incompatible color definition on input line 1.


Package xcolor Warning: Incompatible color definition on input line 1.


Package xcolor Warning: Incompatible color definition on input line 1.


Package xcolor Warning: Incompatible color definition on input line 1.


Package xcolor Warning: Incompatible color definition on input line 1.


Package xcolor Warning: Incompatible color definition on input line 2.


Package xcolor Warning: Incompatible color definition on input line 3.


Package xcolor Warning: Incompatible color definition on input line 3.


Package xcolor Warning: Incompatible color definition on input line 3.


Package xcolor Warning: Incompatible color definition on input line 3.


Package xcolor Warning: Incompatible color definition on input line 3.


Package xcolor Warning: Incompatible color definition on input line 3.


Package xcolor Warning: Incompatible color definition on input line 3.


Package xcolor Warning: Incompatible color definition on input line 3.


Package xcolor Warning: Incompatible color definition on input line 3.


Package xcolor Warning: Incompatible color definition on input line 3.


Package xcolor Warning: Incompatible color definition on input line 3.


Package xcolor Warning: Incompatible color definition on input line 3.


Package xcolor Warning: Incompatible color definition on input line 3.


Package xcolor Warning: Incompatible color definition on input line 4.


Package xcolor Warning: Incompatible color definition on input line 4.


Package xcolor Warning: Incompatible color definition on input line 4.


Package xcolor Warning: Incompatible color definition on input line 4.


Package xcolor Warning: Incompatible color definition on input line 5.

[12 <./8-eps-converted-to.pdf>]

Package xcolor Warning: Incompatible color definition on input line 23.


Package xcolor Warning: Incompatible color definition on input line 23.


Package xcolor Warning: Incompatible color definition on input line 23.


Package xcolor Warning: Incompatible color definition on input line 23.


Package xcolor Warning: Incompatible color definition on input line 23.


Package xcolor Warning: Incompatible color definition on input line 23.


Package xcolor Warning: Incompatible color definition on input line 25.


Package xcolor Warning: Incompatible color definition on input line 25.


Package xcolor Warning: Incompatible color definition on input line 25.


Package xcolor Warning: Incompatible color definition on input line 25.


Package xcolor Warning: Incompatible color definition on input line 25.


Package xcolor Warning: Incompatible color definition on input line 25.


Package xcolor Warning: Incompatible color definition on input line 28.


Package xcolor Warning: Incompatible color definition on input line 28.


Package xcolor Warning: Incompatible color definition on input line 28.


Package xcolor Warning: Incompatible color definition on input line 30.


Package xcolor Warning: Incompatible color definition on input line 30.


Package xcolor Warning: Incompatible color definition on input line 30.


Package xcolor Warning: Incompatible color definition on input line 30.


Package xcolor Warning: Incompatible color definition on input line 31.


Package xcolor Warning: Incompatible color definition on input line 31.


Package xcolor Warning: Incompatible color definition on input line 31.


Package xcolor Warning: Incompatible color definition on input line 31.


Package xcolor Warning: Incompatible color definition on input line 32.


Package xcolor Warning: Incompatible color definition on input line 32.


Package xcolor Warning: Incompatible color definition on input line 32.


Package xcolor Warning: Incompatible color definition on input line 32.


Package xcolor Warning: Incompatible color definition on input line 33.


Package xcolor Warning: Incompatible color definition on input line 33.


Package xcolor Warning: Incompatible color definition on input line 33.


Package xcolor Warning: Incompatible color definition on input line 33.


Package xcolor Warning: Incompatible color definition on input line 34.


Package xcolor Warning: Incompatible color definition on input line 34.


Package xcolor Warning: Incompatible color definition on input line 34.


Package xcolor Warning: Incompatible color definition on input line 34.


Package xcolor Warning: Incompatible color definition on input line 39.


Package xcolor Warning: Incompatible color definition on input line 39.


Package xcolor Warning: Incompatible color definition on input line 39.


Package xcolor Warning: Incompatible color definition on input line 40.


Package xcolor Warning: Incompatible color definition on input line 40.


Package xcolor Warning: Incompatible color definition on input line 40.


Package xcolor Warning: Incompatible color definition on input line 40.

)
Package epstopdf Info: Source file: <9.eps>
(epstopdf)                    date: 2019-06-01 19:34:22
(epstopdf)                    size: 12793 bytes
(epstopdf)             Output file: <9-eps-converted-to.pdf>
(epstopdf)                    date: 2019-06-01 19:45:22
(epstopdf)                    size: 9662 bytes
(epstopdf)             Command: <epstopdf --outfile=9-eps-converted-to.pdf 9.ep
s>
(epstopdf)             \includegraphics on input line 192.
Package epstopdf Info: Output file is already uptodate.


pdfTeX warning: pdflatex (file ./9-eps-converted-to.pdf): PDF inclusion: found 
PDF version <1.7>, but at most version <1.5> allowed
<9-eps-converted-to.pdf, id=211, 433.62pt x 289.08pt>
File: 9-eps-converted-to.pdf Graphic file (type pdf)
<use 9-eps-converted-to.pdf>
Package pdftex.def Info: 9-eps-converted-to.pdf  used on input line 192.
(pdftex.def)             Requested size: 344.005pt x 229.34993pt.
(10.py

Package xcolor Warning: Incompatible color definition on input line 1.


Package xcolor Warning: Incompatible color definition on input line 1.


Package xcolor Warning: Incompatible color definition on input line 1.


Package xcolor Warning: Incompatible color definition on input line 1.


Package xcolor Warning: Incompatible color definition on input line 1.


Package xcolor Warning: Incompatible color definition on input line 1.


Package xcolor Warning: Incompatible color definition on input line 1.


Package xcolor Warning: Incompatible color definition on input line 1.


Package xcolor Warning: Incompatible color definition on input line 1.


Package xcolor Warning: Incompatible color definition on input line 1.


Package xcolor Warning: Incompatible color definition on input line 1.


Package xcolor Warning: Incompatible color definition on input line 2.


Package xcolor Warning: Incompatible color definition on input line 3.


Package xcolor Warning: Incompatible color definition on input line 3.


Package xcolor Warning: Incompatible color definition on input line 3.


Package xcolor Warning: Incompatible color definition on input line 3.


Package xcolor Warning: Incompatible color definition on input line 3.


Package xcolor Warning: Incompatible color definition on input line 3.


Package xcolor Warning: Incompatible color definition on input line 3.


Package xcolor Warning: Incompatible color definition on input line 3.


Package xcolor Warning: Incompatible color definition on input line 3.


Package xcolor Warning: Incompatible color definition on input line 3.


Package xcolor Warning: Incompatible color definition on input line 3.


Package xcolor Warning: Incompatible color definition on input line 3.


Package xcolor Warning: Incompatible color definition on input line 3.


Package xcolor Warning: Incompatible color definition on input line 4.


Package xcolor Warning: Incompatible color definition on input line 4.


Package xcolor Warning: Incompatible color definition on input line 4.


Package xcolor Warning: Incompatible color definition on input line 4.


Package xcolor Warning: Incompatible color definition on input line 5.

[13]

Package xcolor Warning: Incompatible color definition on input line 39.


Package xcolor Warning: Incompatible color definition on input line 39.


Package xcolor Warning: Incompatible color definition on input line 39.


Package xcolor Warning: Incompatible color definition on input line 39.


Package xcolor Warning: Incompatible color definition on input line 39.


Package xcolor Warning: Incompatible color definition on input line 39.


Package xcolor Warning: Incompatible color definition on input line 41.


Package xcolor Warning: Incompatible color definition on input line 41.


Package xcolor Warning: Incompatible color definition on input line 41.


Package xcolor Warning: Incompatible color definition on input line 41.


Package xcolor Warning: Incompatible color definition on input line 41.


Package xcolor Warning: Incompatible color definition on input line 41.


Package xcolor Warning: Incompatible color definition on input line 43.


Package xcolor Warning: Incompatible color definition on input line 43.


Package xcolor Warning: Incompatible color definition on input line 43.


Package xcolor Warning: Incompatible color definition on input line 45.


Package xcolor Warning: Incompatible color definition on input line 45.


Package xcolor Warning: Incompatible color definition on input line 45.


Package xcolor Warning: Incompatible color definition on input line 47.


Package xcolor Warning: Incompatible color definition on input line 47.


Package xcolor Warning: Incompatible color definition on input line 47.


Package xcolor Warning: Incompatible color definition on input line 47.


Package xcolor Warning: Incompatible color definition on input line 52.


Package xcolor Warning: Incompatible color definition on input line 52.


Package xcolor Warning: Incompatible color definition on input line 52.

[14 <./9-eps-converted-to.pdf>]

Package xcolor Warning: Incompatible color definition on input line 53.


Package xcolor Warning: Incompatible color definition on input line 53.


Package xcolor Warning: Incompatible color definition on input line 53.


Package xcolor Warning: Incompatible color definition on input line 53.

)
Package epstopdf Info: Source file: <10.eps>
(epstopdf)                    date: 2019-03-19 12:13:09
(epstopdf)                    size: 13774 bytes
(epstopdf)             Output file: <10-eps-converted-to.pdf>
(epstopdf)                    date: 2019-05-20 12:55:48
(epstopdf)                    size: 8116 bytes
(epstopdf)             Command: <epstopdf --outfile=10-eps-converted-to.pdf 10.
eps>
(epstopdf)             \includegraphics on input line 205.
Package epstopdf Info: Output file is already uptodate.


pdfTeX warning: pdflatex (file ./10-eps-converted-to.pdf): PDF inclusion: found
 PDF version <1.7>, but at most version <1.5> allowed
<10-eps-converted-to.pdf, id=242, 433.62pt x 289.08pt>
File: 10-eps-converted-to.pdf Graphic file (type pdf)
<use 10-eps-converted-to.pdf>
Package pdftex.def Info: 10-eps-converted-to.pdf  used on input line 205.
(pdftex.def)             Requested size: 344.005pt x 229.34993pt.
(11.py

Package xcolor Warning: Incompatible color definition on input line 1.


Package xcolor Warning: Incompatible color definition on input line 1.


Package xcolor Warning: Incompatible color definition on input line 1.


Package xcolor Warning: Incompatible color definition on input line 1.


Package xcolor Warning: Incompatible color definition on input line 1.


Package xcolor Warning: Incompatible color definition on input line 1.


Package xcolor Warning: Incompatible color definition on input line 1.


Package xcolor Warning: Incompatible color definition on input line 1.


Package xcolor Warning: Incompatible color definition on input line 1.


Package xcolor Warning: Incompatible color definition on input line 1.


Package xcolor Warning: Incompatible color definition on input line 1.


Package xcolor Warning: Incompatible color definition on input line 2.


Package xcolor Warning: Incompatible color definition on input line 3.


Package xcolor Warning: Incompatible color definition on input line 3.


Package xcolor Warning: Incompatible color definition on input line 3.


Package xcolor Warning: Incompatible color definition on input line 3.


Package xcolor Warning: Incompatible color definition on input line 3.


Package xcolor Warning: Incompatible color definition on input line 3.


Package xcolor Warning: Incompatible color definition on input line 3.


Package xcolor Warning: Incompatible color definition on input line 3.


Package xcolor Warning: Incompatible color definition on input line 3.


Package xcolor Warning: Incompatible color definition on input line 3.


Package xcolor Warning: Incompatible color definition on input line 3.


Package xcolor Warning: Incompatible color definition on input line 3.


Package xcolor Warning: Incompatible color definition on input line 3.


Package xcolor Warning: Incompatible color definition on input line 4.


Package xcolor Warning: Incompatible color definition on input line 4.


Package xcolor Warning: Incompatible color definition on input line 4.


Package xcolor Warning: Incompatible color definition on input line 4.


Package xcolor Warning: Incompatible color definition on input line 5.

[15 <./10-eps-converted-to.pdf>]

Package xcolor Warning: Incompatible color definition on input line 32.


Package xcolor Warning: Incompatible color definition on input line 32.


Package xcolor Warning: Incompatible color definition on input line 32.


Package xcolor Warning: Incompatible color definition on input line 32.


Package xcolor Warning: Incompatible color definition on input line 32.


Package xcolor Warning: Incompatible color definition on input line 32.


Package xcolor Warning: Incompatible color definition on input line 34.


Package xcolor Warning: Incompatible color definition on input line 34.


Package xcolor Warning: Incompatible color definition on input line 34.


Package xcolor Warning: Incompatible color definition on input line 34.


Package xcolor Warning: Incompatible color definition on input line 34.


Package xcolor Warning: Incompatible color definition on input line 34.


Package xcolor Warning: Incompatible color definition on input line 36.


Package xcolor Warning: Incompatible color definition on input line 36.


Package xcolor Warning: Incompatible color definition on input line 36.


Package xcolor Warning: Incompatible color definition on input line 38.


Package xcolor Warning: Incompatible color definition on input line 38.


Package xcolor Warning: Incompatible color definition on input line 38.


Package xcolor Warning: Incompatible color definition on input line 41.


Package xcolor Warning: Incompatible color definition on input line 41.


Package xcolor Warning: Incompatible color definition on input line 41.


Package xcolor Warning: Incompatible color definition on input line 41.


Package xcolor Warning: Incompatible color definition on input line 42.


Package xcolor Warning: Incompatible color definition on input line 42.


Package xcolor Warning: Incompatible color definition on input line 42.


Package xcolor Warning: Incompatible color definition on input line 42.


Package xcolor Warning: Incompatible color definition on input line 43.


Package xcolor Warning: Incompatible color definition on input line 43.


Package xcolor Warning: Incompatible color definition on input line 43.


Package xcolor Warning: Incompatible color definition on input line 43.


Package xcolor Warning: Incompatible color definition on input line 44.


Package xcolor Warning: Incompatible color definition on input line 44.


Package xcolor Warning: Incompatible color definition on input line 44.


Package xcolor Warning: Incompatible color definition on input line 44.


Package xcolor Warning: Incompatible color definition on input line 45.


Package xcolor Warning: Incompatible color definition on input line 45.


Package xcolor Warning: Incompatible color definition on input line 45.


Package xcolor Warning: Incompatible color definition on input line 45.


Package xcolor Warning: Incompatible color definition on input line 46.


Package xcolor Warning: Incompatible color definition on input line 46.


Package xcolor Warning: Incompatible color definition on input line 46.


Package xcolor Warning: Incompatible color definition on input line 46.


Package xcolor Warning: Incompatible color definition on input line 47.


Package xcolor Warning: Incompatible color definition on input line 47.


Package xcolor Warning: Incompatible color definition on input line 47.


Package xcolor Warning: Incompatible color definition on input line 47.


Package xcolor Warning: Incompatible color definition on input line 51.


Package xcolor Warning: Incompatible color definition on input line 51.


Package xcolor Warning: Incompatible color definition on input line 51.


Package xcolor Warning: Incompatible color definition on input line 52.


Package xcolor Warning: Incompatible color definition on input line 52.


Package xcolor Warning: Incompatible color definition on input line 52.


Package xcolor Warning: Incompatible color definition on input line 52.

)
Package epstopdf Info: Source file: <11.eps>
(epstopdf)                    date: 2019-03-19 12:13:09
(epstopdf)                    size: 11180 bytes
(epstopdf)             Output file: <11-eps-converted-to.pdf>
(epstopdf)                    date: 2019-05-20 12:55:48
(epstopdf)                    size: 7353 bytes
(epstopdf)             Command: <epstopdf --outfile=11-eps-converted-to.pdf 11.
eps>
(epstopdf)             \includegraphics on input line 218.
Package epstopdf Info: Output file is already uptodate.


pdfTeX warning: pdflatex (file ./11-eps-converted-to.pdf): PDF inclusion: found
 PDF version <1.7>, but at most version <1.5> allowed
<11-eps-converted-to.pdf, id=259, 433.62pt x 289.08pt>
File: 11-eps-converted-to.pdf Graphic file (type pdf)
<use 11-eps-converted-to.pdf>
Package pdftex.def Info: 11-eps-converted-to.pdf  used on input line 218.
(pdftex.def)             Requested size: 344.005pt x 229.34993pt.
[16 <./11-eps-converted-to.pdf>] (12.py

Package xcolor Warning: Incompatible color definition on input line 1.


Package xcolor Warning: Incompatible color definition on input line 2.


Package xcolor Warning: Incompatible color definition on input line 2.


Package xcolor Warning: Incompatible color definition on input line 2.


Package xcolor Warning: Incompatible color definition on input line 2.


Package xcolor Warning: Incompatible color definition on input line 2.


Package xcolor Warning: Incompatible color definition on input line 2.


Package xcolor Warning: Incompatible color definition on input line 2.


Package xcolor Warning: Incompatible color definition on input line 2.


Package xcolor Warning: Incompatible color definition on input line 2.


Package xcolor Warning: Incompatible color definition on input line 2.


Package xcolor Warning: Incompatible color definition on input line 2.


Package xcolor Warning: Incompatible color definition on input line 2.


Package xcolor Warning: Incompatible color definition on input line 2.


Package xcolor Warning: Incompatible color definition on input line 3.


Package xcolor Warning: Incompatible color definition on input line 3.


Package xcolor Warning: Incompatible color definition on input line 3.


Package xcolor Warning: Incompatible color definition on input line 3.


Package xcolor Warning: Incompatible color definition on input line 4.


Package xcolor Warning: Incompatible color definition on input line 21.


Package xcolor Warning: Incompatible color definition on input line 21.


Package xcolor Warning: Incompatible color definition on input line 21.


Package xcolor Warning: Incompatible color definition on input line 21.


Package xcolor Warning: Incompatible color definition on input line 21.


Package xcolor Warning: Incompatible color definition on input line 21.


Package xcolor Warning: Incompatible color definition on input line 22.


Package xcolor Warning: Incompatible color definition on input line 22.


Package xcolor Warning: Incompatible color definition on input line 22.


Package xcolor Warning: Incompatible color definition on input line 23.


Package xcolor Warning: Incompatible color definition on input line 23.


Package xcolor Warning: Incompatible color definition on input line 23.


Package xcolor Warning: Incompatible color definition on input line 23.


Package xcolor Warning: Incompatible color definition on input line 23.


Package xcolor Warning: Incompatible color definition on input line 23.


Package xcolor Warning: Incompatible color definition on input line 25.


Package xcolor Warning: Incompatible color definition on input line 25.


Package xcolor Warning: Incompatible color definition on input line 25.


Package xcolor Warning: Incompatible color definition on input line 25.


Package xcolor Warning: Incompatible color definition on input line 25.


Package xcolor Warning: Incompatible color definition on input line 25.


Package xcolor Warning: Incompatible color definition on input line 28.


Package xcolor Warning: Incompatible color definition on input line 28.


Package xcolor Warning: Incompatible color definition on input line 28.


Package xcolor Warning: Incompatible color definition on input line 28.


Package xcolor Warning: Incompatible color definition on input line 29.


Package xcolor Warning: Incompatible color definition on input line 29.


Package xcolor Warning: Incompatible color definition on input line 29.


Package xcolor Warning: Incompatible color definition on input line 29.


Package xcolor Warning: Incompatible color definition on input line 30.


Package xcolor Warning: Incompatible color definition on input line 30.


Package xcolor Warning: Incompatible color definition on input line 30.


Package xcolor Warning: Incompatible color definition on input line 30.


Package xcolor Warning: Incompatible color definition on input line 31.


Package xcolor Warning: Incompatible color definition on input line 31.


Package xcolor Warning: Incompatible color definition on input line 31.


Package xcolor Warning: Incompatible color definition on input line 31.


Package xcolor Warning: Incompatible color definition on input line 32.


Package xcolor Warning: Incompatible color definition on input line 32.


Package xcolor Warning: Incompatible color definition on input line 32.


Package xcolor Warning: Incompatible color definition on input line 32.


Package xcolor Warning: Incompatible color definition on input line 33.


Package xcolor Warning: Incompatible color definition on input line 33.


Package xcolor Warning: Incompatible color definition on input line 33.


Package xcolor Warning: Incompatible color definition on input line 33.


Package xcolor Warning: Incompatible color definition on input line 37.


Package xcolor Warning: Incompatible color definition on input line 37.


Package xcolor Warning: Incompatible color definition on input line 37.


Package xcolor Warning: Incompatible color definition on input line 38.


Package xcolor Warning: Incompatible color definition on input line 38.


Package xcolor Warning: Incompatible color definition on input line 38.


Package xcolor Warning: Incompatible color definition on input line 38.

)
Package epstopdf Info: Source file: <12.eps>
(epstopdf)                    date: 2019-03-19 12:13:09
(epstopdf)                    size: 10338 bytes
(epstopdf)             Output file: <12-eps-converted-to.pdf>
(epstopdf)                    date: 2019-05-20 12:55:49
(epstopdf)                    size: 6772 bytes
(epstopdf)             Command: <epstopdf --outfile=12-eps-converted-to.pdf 12.
eps>
(epstopdf)             \includegraphics on input line 237.
Package epstopdf Info: Output file is already uptodate.


pdfTeX warning: pdflatex (file ./12-eps-converted-to.pdf): PDF inclusion: found
 PDF version <1.7>, but at most version <1.5> allowed
<12-eps-converted-to.pdf, id=275, 433.62pt x 289.08pt>
File: 12-eps-converted-to.pdf Graphic file (type pdf)
<use 12-eps-converted-to.pdf>
Package pdftex.def Info: 12-eps-converted-to.pdf  used on input line 237.
(pdftex.def)             Requested size: 344.005pt x 229.34993pt.
[17] (1.bbl) [18 <./12-eps-converted-to.pdf>] (1.aux
LaTeX Info: Redefining \. on input line 9.
LaTeX Info: Redefining \% on input line 9.
) ) 
Here is how much of TeX's memory you used:
 6961 strings out of 492946
 101887 string characters out of 3126266
 508706 words of memory out of 3000000
 10740 multiletter control sequences out of 15000+200000
 7626 words of font info for 27 fonts, out of 3000000 for 9000
 1141 hyphenation exceptions out of 8191
 42i,7n,43p,701b,1813s stack positions out of 5000i,500n,10000p,200000b,50000s
<C:/Users/Madys/AppData/Local/Programs/MiKTeX 2.9/fonts/type1/public/amsfont
s/cm/cmbx12.pfb><C:/Users/Madys/AppData/Local/Programs/MiKTeX 2.9/fonts/type1/p
ublic/amsfonts/cm/cmr10.pfb><C:/Users/Madys/AppData/Local/Programs/MiKTeX 2.9/f
onts/type1/public/amsfonts/cm/cmr12.pfb><C:/Users/Madys/AppData/Local/Programs/
MiKTeX 2.9/fonts/type1/public/amsfonts/cm/cmr17.pfb><C:/Users/Madys/AppData/Loc
al/Programs/MiKTeX 2.9/fonts/type1/public/amsfonts/cm/cmr5.pfb><C:/Users/Madys/
AppData/Local/Programs/MiKTeX 2.9/fonts/type1/public/amsfonts/cm/cmr8.pfb><C:/U
sers/Madys/AppData/Local/Programs/MiKTeX 2.9/fonts/type1/public/amsfonts/cm/cms
y8.pfb><C:/Users/Madys/AppData/Local/Programs/MiKTeX 2.9/fonts/type1/public/ams
fonts/cm/cmti10.pfb>
Output written on 1.pdf (18 pages, 268347 bytes).
PDF statistics:
 320 PDF objects out of 1000 (max. 8388607)
 0 named destinations out of 1000 (max. 500000)
 61 words of extra memory for PDF output out of 10000 (max. 10000000)

